20:21:56.877 [main                     ] DEBUG Logger               - Configured Logger
20:21:56.894 [main                     ] DEBUG GameApplication      - Logging settings
Title: Brotato
Version: 0.1
Width: 1000
Height: 800
Fullscreen: false
Intro: false
Profiling: false
Single step:false
App Mode: DEVELOPER
Menu Key: ESCAPE
Stage Style: DECORATED
Scene Factory: class com.almasb.fxgl.app.scene.SceneFactory

20:21:57.535 [JavaFX Application Thread] DEBUG FXGLApplication      - Initializing FXGL
20:21:57.538 [JavaFX Application Thread] INFO  Engine               - FXGL-21 (28.12.2023 13.35) on WINDOWS (J:21.0.5 FX:21.0.1)
20:21:57.538 [JavaFX Application Thread] DEBUG Engine               - JRE Vendor Name: Amazon.com Inc.
20:21:57.538 [JavaFX Application Thread] DEBUG Engine               - Running on OS: Windows 11 version 10.0
20:21:57.539 [JavaFX Application Thread] DEBUG Engine               - Architecture: amd64
20:21:57.539 [JavaFX Application Thread] INFO  Engine               - Source code and latest versions at: https://github.com/AlmasB/FXGL
20:21:57.539 [JavaFX Application Thread] INFO  Engine               -       Ask questions and discuss at: https://github.com/AlmasB/FXGL/discussions
20:21:57.539 [JavaFX Application Thread] INFO  Engine               -              Join the FXGL chat at: https://gitter.im/AlmasB/FXGL
20:21:57.638 [JavaFX Application Thread] DEBUG PrimaryStageWindow   - Creating a JavaFX scene
20:21:57.679 [JavaFX Application Thread] DEBUG PrimaryStageWindow   - Target settings size: 1000.0 x 800.0
20:21:57.679 [JavaFX Application Thread] DEBUG PrimaryStageWindow   - Scaled scene size:    1000.0 x 800.0
20:21:57.679 [JavaFX Application Thread] DEBUG PrimaryStageWindow   - Scaled ratio: (1.0, 1.0)
20:21:57.680 [JavaFX Application Thread] DEBUG PrimaryStageWindow   - Set initial scene to FXGLStartupScene
20:21:57.682 [JavaFX Application Thread] DEBUG PrimaryStageWindow   - Opening main window
20:21:57.771 [JavaFX Application Thread] DEBUG PrimaryStageWindow   - Window border size: (14.66668701171875, 37.33331298828125)
20:21:57.772 [JavaFX Application Thread] DEBUG PrimaryStageWindow   - Scaled size: 1000.0 x 800.0
20:21:57.772 [JavaFX Application Thread] DEBUG PrimaryStageWindow   - Scaled ratio: (1.0, 1.0)
20:21:57.772 [JavaFX Application Thread] DEBUG PrimaryStageWindow   - Scene size: 1000.0 x 800.0
20:21:57.772 [JavaFX Application Thread] DEBUG PrimaryStageWindow   - Stage size: 1014.6666870117188 x 837.3333129882812
20:21:57.776 [FXGL Background Thread 1 ] DEBUG Engine               - Initializing environment variables
20:21:57.822 [FXGL Background Thread 1 ] DEBUG FXGLAssetLoaderServi - User app class for loading assets: class com.brotato.player.Player
20:21:57.822 [FXGL Background Thread 1 ] DEBUG GameApplicationServi - Applying CSS: fxgl_dark.css
20:21:57.823 [FXGL Background Thread 1 ] DEBUG FXGLAssetLoaderServi - Loading from file system: jar:file:/C:/Users/LeSun/.m2/repository/com/github/almasb/fxgl/21/fxgl-21.jar!/fxglassets/ui/css/fxgl_dark.css
20:21:57.859 [FXGL Background Thread 1 ] DEBUG GameApplicationServi - Initializing application scenes
20:21:57.950 [FXGL Background Thread 1 ] DEBUG GameWorld            - Game world initialized
20:21:58.012 [FXGL Background Thread 1 ] DEBUG PhysicsWorld         - Physics world initialized: appHeight=800, physics.ppm=50.0
20:21:58.012 [FXGL Background Thread 1 ] DEBUG PhysicsWorld         - Using strategy: BRUTE_FORCE
20:21:58.014 [FXGL Background Thread 1 ] DEBUG GameScene            - Game scene initialized: 1000x800
20:21:58.024 [FXGL Background Thread 1 ] DEBUG FXGL.DefaultMenu     - createMenuBodyGameMenu()
20:21:58.036 [FXGL Background Thread 1 ] DEBUG FXGL.DefaultMenu     - createOptionsMenu()
20:21:58.045 [FXGL Background Thread 1 ] DEBUG FXGLAssetLoaderServi - Loading from file system: jar:file:/C:/Users/LeSun/.m2/repository/com/github/almasb/fxgl/21/fxgl-21.jar!/fxglassets/textures/particles/smoke.png
20:21:58.135 [FXGL Background Thread 1 ] DEBUG FXGLAssetLoaderServi - Loading from file system: jar:file:/C:/Users/LeSun/.m2/repository/com/github/almasb/fxgl/21/fxgl-21.jar!/fxglassets/textures/particles/trace_horizontal.png
20:21:58.156 [FXGL Background Thread 1 ] DEBUG GameApplicationServi - Application scenes initialized
20:21:58.179 [FXGL Background Thread 1 ] DEBUG SystemBundleService  - Loading FXGL system data
20:21:58.180 [FXGL Background Thread 1 ] DEBUG FileSystemAccess     - Reading from: C:\Users\LeSun\Desktop\java实训\brotato\brotato\system\fxgl.bundle
20:21:58.183 [FXGL Background Thread 1 ] DEBUG SystemBundleService  - Bundle FXGL: {}
20:21:58.183 [FXGL Background Thread 1 ] DEBUG UpdaterService       - Checking for updates
20:21:58.186 [FXGL Background Thread 4 ] DEBUG FXGLApplication      - Loading fonts
20:21:58.187 [FXGL Background Thread 4 ] DEBUG FXGLAssetLoaderServi - Loading from file system: jar:file:/C:/Users/LeSun/.m2/repository/com/github/almasb/fxgl/21/fxgl-21.jar!/fxglassets/ui/fonts/VarelaRound-Regular.ttf
20:21:58.188 [FXGL Background Thread 1 ] DEBUG FXGLApplication      - Loading default localization
20:21:58.188 [FXGL Background Thread 1 ] DEBUG FXGLAssetLoaderServi - Loading from file system: jar:file:/C:/Users/LeSun/.m2/repository/com/github/almasb/fxgl/21/fxgl-21.jar!/fxglassets/languages/english.lang
20:21:58.194 [FXGL Background Thread 4 ] DEBUG FXGLAssetLoaderServi - Loading from file system: jar:file:/C:/Users/LeSun/.m2/repository/com/github/almasb/fxgl/21/fxgl-21.jar!/fxglassets/ui/fonts/Abel-Regular.ttf
20:21:58.197 [FXGL Background Thread 4 ] DEBUG FXGLAssetLoaderServi - Loading from file system: jar:file:/C:/Users/LeSun/.m2/repository/com/github/almasb/fxgl/21/fxgl-21.jar!/fxglassets/ui/fonts/TerminalLandMono-Regular.otf
20:21:58.201 [FXGL Background Thread 4 ] DEBUG FXGLAssetLoaderServi - Loading from file system: jar:file:/C:/Users/LeSun/.m2/repository/com/github/almasb/fxgl/21/fxgl-21.jar!/fxglassets/ui/fonts/Courier-Prime.ttf
20:21:58.210 [JavaFX Application Thread] DEBUG FXGLApplication      - Registering font factories with UI factory
20:21:58.251 [FXGL Background Thread 1 ] INFO  FXGLApplication      - FXGL initialization took: 0.474 sec
20:21:58.267 [JavaFX Application Thread] DEBUG Input                - Registered new binding: Move Up - W
20:21:58.267 [JavaFX Application Thread] DEBUG Input                - Registered new binding: Move Down - S
20:21:58.268 [JavaFX Application Thread] DEBUG Input                - Registered new binding: Move Left - A
20:21:58.268 [JavaFX Application Thread] DEBUG Input                - Registered new binding: Move Right - D
20:21:58.268 [JavaFX Application Thread] DEBUG Input                - Registered new binding: Attack - Space
20:21:58.269 [JavaFX Application Thread] DEBUG FXGLAssetLoaderServi - Loading from file system: jar:file:/C:/Users/LeSun/.m2/repository/com/github/almasb/fxgl/21/fxgl-21.jar!/fxglassets/textures/fxgl_icon.png
20:21:58.292 [JavaFX Application Thread] DEBUG FXGLAssetLoaderServi - Loading from file system: jar:file:/C:/Users/LeSun/.m2/repository/com/github/almasb/fxgl/21/fxgl-21.jar!/fxglassets/textures/fxgl_default_cursor.png
20:21:58.297 [JavaFX Application Thread] DEBUG Input                - Registered new binding: Screenshot - CTRL+8
20:21:58.298 [JavaFX Application Thread] DEBUG Input                - Registered new binding: System info dump - CTRL+9
20:21:58.299 [JavaFX Application Thread] DEBUG Input                - Registered new binding: Restart - CTRL+R
20:21:58.301 [JavaFX Application Thread] DEBUG Input                - Registered new binding: Toggle Debug Camera - CTRL+7
20:21:58.309 [JavaFX Application Thread] DEBUG LoopRunner           - Starting loop
20:21:58.309 [JavaFX Application Thread] DEBUG LoopRunner           - Initializing JavaFX AnimationTimerLoop
20:21:58.313 [JavaFX Application Thread] DEBUG GameApplicationServi - Starting new game
20:21:58.314 [JavaFX Application Thread] DEBUG Input                - Clearing active input actions
20:21:58.327 [JavaFX Application Thread] DEBUG GameApplicationServi - Removing overlay from FXGLStartupScene and adding to FXGLLoadingScene
20:21:58.327 [JavaFX Application Thread] DEBUG PrimaryStageWindow   - FXGLStartupScene -> FXGLLoadingScene
20:21:58.327 [JavaFX Application Thread] DEBUG GameApplicationServi - Clearing previous game
20:21:58.327 [JavaFX Application Thread] DEBUG GameScene            - Clearing game scene
20:21:58.327 [JavaFX Application Thread] DEBUG GameWorld            - Clearing game world
20:21:58.327 [JavaFX Application Thread] DEBUG PhysicsWorld         - Clearing physics world
20:21:58.330 [FXGL Background Thread 1 ] DEBUG FXGLApplication      - Initializing game
20:21:58.343 [FXGL Background Thread 1 ] DEBUG FXGLAssetLoaderServi - Loading from file system: file:/C:/Users/LeSun/Desktop/java%e5%ae%9e%e8%ae%ad/brotato/brotato/target/classes/assets/textures/background.png
20:21:58.411 [FXGL Background Thread 1 ] DEBUG FXGLAssetLoaderServi - Loading from file system: file:/C:/Users/LeSun/Desktop/java%e5%ae%9e%e8%ae%ad/brotato/brotato/target/classes/assets/textures/DruidWalk001-Sheet.png
20:21:58.421 [FXGL Background Thread 1 ] DEBUG FXGLAssetLoaderServi - Loading from file system: file:/C:/Users/LeSun/Desktop/java%e5%ae%9e%e8%ae%ad/brotato/brotato/target/classes/assets/textures/DruidBasicAtk1-Sheet.png
20:21:58.441 [FXGL Background Thread 1 ] DEBUG FXGLAssetLoaderServi - Loading from file system: file:/C:/Users/LeSun/Desktop/java%e5%ae%9e%e8%ae%ad/brotato/brotato/target/classes/assets/textures/heart.png
20:21:58.443 [FXGL Background Thread 1 ] DEBUG FXGLAssetLoaderServi - Loading from file system: file:/C:/Users/LeSun/Desktop/java%e5%ae%9e%e8%ae%ad/brotato/brotato/target/classes/assets/textures/half_heart.png
20:21:58.444 [FXGL Background Thread 1 ] DEBUG FXGLAssetLoaderServi - Loading from file system: file:/C:/Users/LeSun/Desktop/java%e5%ae%9e%e8%ae%ad/brotato/brotato/target/classes/assets/textures/border.png
20:21:58.446 [FXGL Background Thread 1 ] INFO  FXGLApplication      - Game initialization took: 0.115 sec
20:21:58.494 [JavaFX Application Thread] DEBUG Input                - Clearing active input actions
20:21:58.504 [JavaFX Application Thread] DEBUG GameApplicationServi - Removing overlay from FXGLLoadingScene and adding to GameScene
20:21:58.504 [JavaFX Application Thread] DEBUG PrimaryStageWindow   - FXGLLoadingScene -> GameScene
20:21:59.065 [FXGL Background Thread 2 ] INFO  UpdaterService       - Your current version:  21
20:21:59.066 [FXGL Background Thread 2 ] INFO  UpdaterService       - Latest stable version: 21.1
20:22:01.187 [FXGL Background Thread 3 ] DEBUG Engine               - Logging environment variables
20:22:01.187 [FXGL Background Thread 3 ] DEBUG Engine               - achievements: []
20:22:01.187 [FXGL Background Thread 3 ] DEBUG Engine               - actualHeight: 800.0
20:22:01.188 [FXGL Background Thread 3 ] DEBUG Engine               - actualHeightProperty: ReadOnlyDoubleProperty [value: 800.0]
20:22:01.188 [FXGL Background Thread 3 ] DEBUG Engine               - actualWidth: 1000.0
20:22:01.188 [FXGL Background Thread 3 ] DEBUG Engine               - actualWidthProperty: ReadOnlyDoubleProperty [value: 1000.0]
20:22:01.188 [FXGL Background Thread 3 ] DEBUG Engine               - appIcon: fxgl_icon.png
20:22:01.188 [FXGL Background Thread 3 ] DEBUG Engine               - applicationMode: DEVELOPER
20:22:01.188 [FXGL Background Thread 3 ] DEBUG Engine               - cSSList: [fxgl_dark.css]
20:22:01.188 [FXGL Background Thread 3 ] DEBUG Engine               - collisionDetectionStrategy: BRUTE_FORCE
20:22:01.188 [FXGL Background Thread 3 ] DEBUG Engine               - configClass: Optional.empty
20:22:01.188 [FXGL Background Thread 3 ] DEBUG Engine               - credits: []
20:22:01.188 [FXGL Background Thread 3 ] DEBUG Engine               - defaultCursor: CursorInfo(imageName=fxgl_default_cursor.png, hotspotX=7.0, hotspotY=6.0)
20:22:01.188 [FXGL Background Thread 3 ] DEBUG Engine               - devBBoxColorProperty: ObjectProperty [value: 0xff0000ff]
20:22:01.188 [FXGL Background Thread 3 ] DEBUG Engine               - devEnableDebugCameraProperty: BooleanProperty [value: false]
20:22:01.189 [FXGL Background Thread 3 ] DEBUG Engine               - devSensorColorProperty: ObjectProperty [value: 0xffff00ff]
20:22:01.189 [FXGL Background Thread 3 ] DEBUG Engine               - devShowBBoxProperty: BooleanProperty [value: false]
20:22:01.189 [FXGL Background Thread 3 ] DEBUG Engine               - devShowPositionProperty: BooleanProperty [value: false]
20:22:01.189 [FXGL Background Thread 3 ] DEBUG Engine               - enabledMenuItems: []
20:22:01.189 [FXGL Background Thread 3 ] DEBUG Engine               - engineServices: [class com.almasb.fxgl.app.services.FXGLAssetLoaderService, class com.almasb.fxgl.app.FXGLApplication$GameApplicationService, class com.almasb.fxgl.app.services.FXGLDialogService, class com.almasb.fxgl.app.services.IOTaskExecutorService, class com.almasb.fxgl.io.FileSystemService, class com.almasb.fxgl.localization.LocalizationService, class com.almasb.fxgl.app.services.SystemBundleService, class com.almasb.fxgl.profile.SaveLoadService, class com.almasb.fxgl.ui.FXGLUIFactoryServiceProvider, class com.almasb.fxgl.ui.FXGLDialogFactoryServiceProvider, class com.almasb.fxgl.audio.AudioPlayer, class com.almasb.fxgl.notification.impl.NotificationServiceProvider, class com.almasb.fxgl.achievement.AchievementService, class com.almasb.fxgl.cutscene.CutsceneService, class com.almasb.fxgl.minigames.MiniGameService, class com.almasb.fxgl.net.NetService, class com.almasb.fxgl.app.services.UpdaterService, class com.almasb.fxgl.dev.DevService]
20:22:01.189 [FXGL Background Thread 3 ] DEBUG Engine               - fontGame: Abel-Regular.ttf
20:22:01.189 [FXGL Background Thread 3 ] DEBUG Engine               - fontMono: TerminalLandMono-Regular.otf
20:22:01.189 [FXGL Background Thread 3 ] DEBUG Engine               - fontSizeScaleUI: 1.0
20:22:01.189 [FXGL Background Thread 3 ] DEBUG Engine               - fontText: Courier-Prime.ttf
20:22:01.189 [FXGL Background Thread 3 ] DEBUG Engine               - fontUI: VarelaRound-Regular.ttf
20:22:01.189 [FXGL Background Thread 3 ] DEBUG Engine               - fullScreen: BooleanProperty [value: false]
20:22:01.189 [FXGL Background Thread 3 ] DEBUG Engine               - gameDifficulty: MEDIUM
20:22:01.189 [FXGL Background Thread 3 ] DEBUG Engine               - gameDifficultyProperty: ObjectProperty [value: MEDIUM]
20:22:01.189 [FXGL Background Thread 3 ] DEBUG Engine               - globalMusicVolume: 0.5
20:22:01.189 [FXGL Background Thread 3 ] DEBUG Engine               - globalMusicVolumeProperty: DoubleProperty [value: 0.5]
20:22:01.189 [FXGL Background Thread 3 ] DEBUG Engine               - globalSoundVolume: 0.5
20:22:01.189 [FXGL Background Thread 3 ] DEBUG Engine               - globalSoundVolumeProperty: DoubleProperty [value: 0.5]
20:22:01.189 [FXGL Background Thread 3 ] DEBUG Engine               - height: 800
20:22:01.189 [FXGL Background Thread 3 ] DEBUG Engine               - is3D: false
20:22:01.189 [FXGL Background Thread 3 ] DEBUG Engine               - isAndroid: false
20:22:01.189 [FXGL Background Thread 3 ] DEBUG Engine               - isBrowser: false
20:22:01.189 [FXGL Background Thread 3 ] DEBUG Engine               - isClickFeedbackEnabled: false
20:22:01.189 [FXGL Background Thread 3 ] DEBUG Engine               - isCloseConfirmation: false
20:22:01.189 [FXGL Background Thread 3 ] DEBUG Engine               - isDesktop: true
20:22:01.189 [FXGL Background Thread 3 ] DEBUG Engine               - isDeveloperMenuEnabled: false
20:22:01.189 [FXGL Background Thread 3 ] DEBUG Engine               - isEmbedded: false
20:22:01.189 [FXGL Background Thread 3 ] DEBUG Engine               - isEntityPreloadEnabled: true
20:22:01.190 [FXGL Background Thread 3 ] DEBUG Engine               - isExperimentalTiledLargeMap: false
20:22:01.190 [FXGL Background Thread 3 ] DEBUG Engine               - isFileSystemWriteAllowed: true
20:22:01.190 [FXGL Background Thread 3 ] DEBUG Engine               - isFullScreenAllowed: false
20:22:01.190 [FXGL Background Thread 3 ] DEBUG Engine               - isFullScreenFromStart: false
20:22:01.190 [FXGL Background Thread 3 ] DEBUG Engine               - isGameMenuEnabled: true
20:22:01.190 [FXGL Background Thread 3 ] DEBUG Engine               - isIOS: false
20:22:01.190 [FXGL Background Thread 3 ] DEBUG Engine               - isIntroEnabled: false
20:22:01.190 [FXGL Background Thread 3 ] DEBUG Engine               - isLinux: false
20:22:01.190 [FXGL Background Thread 3 ] DEBUG Engine               - isMac: false
20:22:01.190 [FXGL Background Thread 3 ] DEBUG Engine               - isMainMenuEnabled: false
20:22:01.190 [FXGL Background Thread 3 ] DEBUG Engine               - isManualResizeEnabled: false
20:22:01.190 [FXGL Background Thread 3 ] DEBUG Engine               - isMobile: false
20:22:01.190 [FXGL Background Thread 3 ] DEBUG Engine               - isNative: false
20:22:01.190 [FXGL Background Thread 3 ] DEBUG Engine               - isPauseMusicWhenMinimized: true
20:22:01.190 [FXGL Background Thread 3 ] DEBUG Engine               - isPreserveResizeRatio: false
20:22:01.190 [FXGL Background Thread 3 ] DEBUG Engine               - isProfilingEnabled: false
20:22:01.190 [FXGL Background Thread 3 ] DEBUG Engine               - isScaleAffectedOnResize: true
20:22:01.190 [FXGL Background Thread 3 ] DEBUG Engine               - isSingleStep: false
20:22:01.190 [FXGL Background Thread 3 ] DEBUG Engine               - isUserProfileEnabled: false
20:22:01.190 [FXGL Background Thread 3 ] DEBUG Engine               - isWindows: true
20:22:01.190 [FXGL Background Thread 3 ] DEBUG Engine               - language: ObjectProperty [value: ENGLISH]
20:22:01.190 [FXGL Background Thread 3 ] DEBUG Engine               - menuKey: ESCAPE
20:22:01.190 [FXGL Background Thread 3 ] DEBUG Engine               - mouseSensitivity: 0.2
20:22:01.190 [FXGL Background Thread 3 ] DEBUG Engine               - notificationViewClass: class com.almasb.fxgl.notification.view.XboxNotificationView
20:22:01.190 [FXGL Background Thread 3 ] DEBUG Engine               - pixelsPerMeter: 50.0
20:22:01.190 [FXGL Background Thread 3 ] DEBUG Engine               - platform: WINDOWS
20:22:01.190 [FXGL Background Thread 3 ] DEBUG Engine               - prefHeightProperty: ReadOnlyDoubleProperty [value: 800.0]
20:22:01.190 [FXGL Background Thread 3 ] DEBUG Engine               - prefWidthProperty: ReadOnlyDoubleProperty [value: 1000.0]
20:22:01.190 [FXGL Background Thread 3 ] DEBUG Engine               - profileDir: profiles/
20:22:01.190 [FXGL Background Thread 3 ] DEBUG Engine               - profileName: StringProperty [value: DEFAULT]
20:22:01.190 [FXGL Background Thread 3 ] DEBUG Engine               - randomSeed: -1
20:22:01.191 [FXGL Background Thread 3 ] DEBUG Engine               - runtimeInfo: RuntimeInfo(platform=WINDOWS, version=21, build=28.12.2023 13.35)
20:22:01.191 [FXGL Background Thread 3 ] DEBUG Engine               - saveFileExt: sav
20:22:01.191 [FXGL Background Thread 3 ] DEBUG Engine               - scaledHeightProp$fxgl: DoubleProperty [bound, value: 800.0]
20:22:01.191 [FXGL Background Thread 3 ] DEBUG Engine               - scaledWidthProp$fxgl: DoubleProperty [bound, value: 1000.0]
20:22:01.191 [FXGL Background Thread 3 ] DEBUG Engine               - sceneFactory: com.almasb.fxgl.app.scene.SceneFactory@48f1511f
20:22:01.191 [FXGL Background Thread 3 ] DEBUG Engine               - secondsIn24h: 60
20:22:01.191 [FXGL Background Thread 3 ] DEBUG Engine               - soundMenuBack: menu/back.wav
20:22:01.191 [FXGL Background Thread 3 ] DEBUG Engine               - soundMenuPress: menu/press.wav
20:22:01.191 [FXGL Background Thread 3 ] DEBUG Engine               - soundMenuSelect: menu/select.wav
20:22:01.191 [FXGL Background Thread 3 ] DEBUG Engine               - soundNotification: core/notification.wav
20:22:01.191 [FXGL Background Thread 3 ] DEBUG Engine               - stageStyle: DECORATED
20:22:01.191 [FXGL Background Thread 3 ] DEBUG Engine               - supportedLanguages: [ENGLISH, FRENCH, GERMAN, HUNGARIAN, RUSSIAN]
20:22:01.191 [FXGL Background Thread 3 ] DEBUG Engine               - ticksPerSecond: -1
20:22:01.191 [FXGL Background Thread 3 ] DEBUG Engine               - title: Brotato
20:22:01.191 [FXGL Background Thread 3 ] DEBUG Engine               - urlGithub: https://github.com/AlmasB/FXGL
20:22:01.191 [FXGL Background Thread 3 ] DEBUG Engine               - urlLeaderboard: http://fxgl-top.herokuapp.com/
20:22:01.191 [FXGL Background Thread 3 ] DEBUG Engine               - urlPOM: https://raw.githubusercontent.com/AlmasB/FXGL/release/README.md
20:22:01.191 [FXGL Background Thread 3 ] DEBUG Engine               - userAppClass: class com.brotato.player.Player
20:22:01.191 [FXGL Background Thread 3 ] DEBUG Engine               - version: 0.1
20:22:01.191 [FXGL Background Thread 3 ] DEBUG Engine               - versionCheckDays: 7
20:22:01.191 [FXGL Background Thread 3 ] DEBUG Engine               - width: 1000
20:22:01.191 [FXGL Background Thread 3 ] DEBUG Engine               - Logging services
20:22:01.191 [FXGL Background Thread 3 ] DEBUG Engine               - class com.almasb.fxgl.app.services.FXGLAssetLoaderService
20:22:01.191 [FXGL Background Thread 3 ] DEBUG Engine               - class com.almasb.fxgl.app.FXGLApplication$GameApplicationService
20:22:01.191 [FXGL Background Thread 3 ] DEBUG Engine               - class com.almasb.fxgl.app.services.FXGLDialogService
20:22:01.191 [FXGL Background Thread 3 ] DEBUG Engine               - class com.almasb.fxgl.app.services.IOTaskExecutorService
20:22:01.191 [FXGL Background Thread 3 ] DEBUG Engine               - class com.almasb.fxgl.io.FileSystemService
20:22:01.191 [FXGL Background Thread 3 ] DEBUG Engine               - class com.almasb.fxgl.localization.LocalizationService
20:22:01.191 [FXGL Background Thread 3 ] DEBUG Engine               - class com.almasb.fxgl.app.services.SystemBundleService
20:22:01.191 [FXGL Background Thread 3 ] DEBUG Engine               - class com.almasb.fxgl.profile.SaveLoadService
20:22:01.191 [FXGL Background Thread 3 ] DEBUG Engine               - class com.almasb.fxgl.ui.FXGLUIFactoryServiceProvider
20:22:01.191 [FXGL Background Thread 3 ] DEBUG Engine               - class com.almasb.fxgl.ui.FXGLDialogFactoryServiceProvider
20:22:01.191 [FXGL Background Thread 3 ] DEBUG Engine               - class com.almasb.fxgl.audio.AudioPlayer
20:22:01.191 [FXGL Background Thread 3 ] DEBUG Engine               - class com.almasb.fxgl.notification.impl.NotificationServiceProvider
20:22:01.191 [FXGL Background Thread 3 ] DEBUG Engine               - class com.almasb.fxgl.achievement.AchievementService
20:22:01.191 [FXGL Background Thread 3 ] DEBUG Engine               - class com.almasb.fxgl.cutscene.CutsceneService
20:22:01.191 [FXGL Background Thread 3 ] DEBUG Engine               - class com.almasb.fxgl.minigames.MiniGameService
20:22:01.191 [FXGL Background Thread 3 ] DEBUG Engine               - class com.almasb.fxgl.net.NetService
20:22:01.191 [FXGL Background Thread 3 ] DEBUG Engine               - class com.almasb.fxgl.app.services.UpdaterService
20:22:01.191 [FXGL Background Thread 3 ] DEBUG Engine               - class com.almasb.fxgl.dev.DevService
20:22:16.719 [JavaFX Application Thread] DEBUG FXGLApplication      - Exiting FXGL
20:22:16.719 [JavaFX Application Thread] DEBUG LoopRunner           - Stopping loop
20:22:16.719 [JavaFX Application Thread] DEBUG SystemBundleService  - Saving FXGL system data
20:22:16.721 [JavaFX Application Thread] DEBUG FileSystemAccess     - Writing to: C:\Users\LeSun\Desktop\java实训\brotato\brotato\system\fxgl.bundle
20:22:16.722 [JavaFX Application Thread] DEBUG Async                - Shutting down background threads
20:22:16.723 [JavaFX Application Thread] DEBUG PrimaryStageWindow   - Closing main window
20:22:16.778 [JavaFX Application Thread] DEBUG Logger               - Closing Logger
