08:29:36.373 [main                     ] DEBUG Logger               - Configured Logger
08:29:36.430 [main                     ] DEBUG GameApplication      - Logging settings
Title: Brotato
Version: 0.1
Width: 1000
Height: 800
Fullscreen: false
Intro: false
Profiling: false
Single step:false
App Mode: DEVELOPER
Menu Key: ESCAPE
Stage Style: DECORATED
Scene Factory: class com.almasb.fxgl.app.scene.SceneFactory

08:29:37.593 [JavaFX Application Thread] DEBUG FXGLApplication      - Initializing FXGL
08:29:37.598 [JavaFX Application Thread] INFO  Engine               - FXGL-21 (28.12.2023 13.35) on WINDOWS (J:21.0.5 FX:21.0.1)
08:29:37.599 [JavaFX Application Thread] DEBUG Engine               - JRE Vendor Name: Amazon.com Inc.
08:29:37.599 [JavaFX Application Thread] DEBUG Engine               - Running on OS: Windows 11 version 10.0
08:29:37.599 [JavaFX Application Thread] DEBUG Engine               - Architecture: amd64
08:29:37.599 [JavaFX Application Thread] INFO  Engine               - Source code and latest versions at: https://github.com/AlmasB/FXGL
08:29:37.599 [JavaFX Application Thread] INFO  Engine               -       Ask questions and discuss at: https://github.com/AlmasB/FXGL/discussions
08:29:37.599 [JavaFX Application Thread] INFO  Engine               -              Join the FXGL chat at: https://gitter.im/AlmasB/FXGL
08:29:37.838 [JavaFX Application Thread] DEBUG PrimaryStageWindow   - Creating a JavaFX scene
08:29:37.925 [JavaFX Application Thread] DEBUG PrimaryStageWindow   - Target settings size: 1000.0 x 800.0
08:29:37.926 [JavaFX Application Thread] DEBUG PrimaryStageWindow   - Scaled scene size:    1000.0 x 800.0
08:29:37.926 [JavaFX Application Thread] DEBUG PrimaryStageWindow   - Scaled ratio: (1.0, 1.0)
08:29:37.928 [JavaFX Application Thread] DEBUG PrimaryStageWindow   - Set initial scene to FXGLStartupScene
08:29:37.933 [JavaFX Application Thread] DEBUG PrimaryStageWindow   - Opening main window
08:29:38.219 [JavaFX Application Thread] DEBUG PrimaryStageWindow   - Window border size: (14.66668701171875, 37.33331298828125)
08:29:38.220 [JavaFX Application Thread] DEBUG PrimaryStageWindow   - Scaled size: 1000.0 x 800.0
08:29:38.220 [JavaFX Application Thread] DEBUG PrimaryStageWindow   - Scaled ratio: (1.0, 1.0)
08:29:38.221 [JavaFX Application Thread] DEBUG PrimaryStageWindow   - Scene size: 1000.0 x 800.0
08:29:38.221 [JavaFX Application Thread] DEBUG PrimaryStageWindow   - Stage size: 1014.6666870117188 x 837.3333129882812
08:29:38.240 [FXGL Background Thread 1 ] DEBUG Engine               - Initializing environment variables
08:29:38.406 [FXGL Background Thread 1 ] DEBUG FXGLAssetLoaderServi - User app class for loading assets: class com.brotato.player.Player
08:29:38.407 [FXGL Background Thread 1 ] DEBUG GameApplicationServi - Applying CSS: fxgl_dark.css
08:29:38.408 [FXGL Background Thread 1 ] DEBUG FXGLAssetLoaderServi - Loading from file system: jar:file:/C:/Users/LeSun/.m2/repository/com/github/almasb/fxgl/21/fxgl-21.jar!/fxglassets/ui/css/fxgl_dark.css
08:29:38.569 [FXGL Background Thread 1 ] DEBUG GameApplicationServi - Initializing application scenes
08:29:38.913 [FXGL Background Thread 1 ] DEBUG GameWorld            - Game world initialized
08:29:39.243 [FXGL Background Thread 1 ] DEBUG PhysicsWorld         - Physics world initialized: appHeight=800, physics.ppm=50.0
08:29:39.244 [FXGL Background Thread 1 ] DEBUG PhysicsWorld         - Using strategy: BRUTE_FORCE
08:29:39.261 [FXGL Background Thread 1 ] DEBUG GameScene            - Game scene initialized: 1000x800
08:29:39.313 [FXGL Background Thread 1 ] DEBUG FXGL.DefaultMenu     - createMenuBodyGameMenu()
08:29:39.354 [FXGL Background Thread 1 ] DEBUG FXGL.DefaultMenu     - createOptionsMenu()
08:29:39.400 [FXGL Background Thread 1 ] DEBUG FXGLAssetLoaderServi - Loading from file system: jar:file:/C:/Users/LeSun/.m2/repository/com/github/almasb/fxgl/21/fxgl-21.jar!/fxglassets/textures/particles/smoke.png
08:29:39.789 [FXGL Background Thread 1 ] DEBUG FXGLAssetLoaderServi - Loading from file system: jar:file:/C:/Users/LeSun/.m2/repository/com/github/almasb/fxgl/21/fxgl-21.jar!/fxglassets/textures/particles/trace_horizontal.png
08:29:39.834 [FXGL Background Thread 1 ] DEBUG GameApplicationServi - Application scenes initialized
08:29:39.884 [FXGL Background Thread 1 ] DEBUG SystemBundleService  - Loading FXGL system data
08:29:39.897 [FXGL Background Thread 1 ] DEBUG FileSystemAccess     - Reading from: C:\Users\LeSun\Desktop\java实训\brotato\brotato\system\fxgl.bundle
08:29:39.925 [FXGL Background Thread 1 ] DEBUG SystemBundleService  - Bundle FXGL: {}
08:29:39.926 [FXGL Background Thread 1 ] DEBUG UpdaterService       - Checking for updates
08:29:39.959 [FXGL Background Thread 4 ] DEBUG FXGLApplication      - Loading fonts
08:29:39.960 [FXGL Background Thread 4 ] DEBUG FXGLAssetLoaderServi - Loading from file system: jar:file:/C:/Users/LeSun/.m2/repository/com/github/almasb/fxgl/21/fxgl-21.jar!/fxglassets/ui/fonts/VarelaRound-Regular.ttf
08:29:39.976 [FXGL Background Thread 1 ] DEBUG FXGLApplication      - Loading default localization
08:29:39.977 [FXGL Background Thread 1 ] DEBUG FXGLAssetLoaderServi - Loading from file system: jar:file:/C:/Users/LeSun/.m2/repository/com/github/almasb/fxgl/21/fxgl-21.jar!/fxglassets/languages/english.lang
08:29:39.996 [FXGL Background Thread 4 ] DEBUG FXGLAssetLoaderServi - Loading from file system: jar:file:/C:/Users/LeSun/.m2/repository/com/github/almasb/fxgl/21/fxgl-21.jar!/fxglassets/ui/fonts/Abel-Regular.ttf
08:29:40.003 [FXGL Background Thread 4 ] DEBUG FXGLAssetLoaderServi - Loading from file system: jar:file:/C:/Users/LeSun/.m2/repository/com/github/almasb/fxgl/21/fxgl-21.jar!/fxglassets/ui/fonts/TerminalLandMono-Regular.otf
08:29:40.013 [FXGL Background Thread 4 ] DEBUG FXGLAssetLoaderServi - Loading from file system: jar:file:/C:/Users/LeSun/.m2/repository/com/github/almasb/fxgl/21/fxgl-21.jar!/fxglassets/ui/fonts/Courier-Prime.ttf
08:29:40.048 [JavaFX Application Thread] DEBUG FXGLApplication      - Registering font factories with UI factory
08:29:40.442 [FXGL Background Thread 1 ] INFO  FXGLApplication      - FXGL initialization took: 2.202 sec
08:29:40.561 [JavaFX Application Thread] DEBUG Input                - Registered new binding: Move Up - W
08:29:40.563 [JavaFX Application Thread] DEBUG Input                - Registered new binding: Move Down - S
08:29:40.564 [JavaFX Application Thread] DEBUG Input                - Registered new binding: Move Left - A
08:29:40.566 [JavaFX Application Thread] DEBUG Input                - Registered new binding: Move Right - D
08:29:40.567 [JavaFX Application Thread] DEBUG Input                - Registered new binding: Attack - Space
08:29:40.569 [JavaFX Application Thread] DEBUG FXGLAssetLoaderServi - Loading from file system: jar:file:/C:/Users/LeSun/.m2/repository/com/github/almasb/fxgl/21/fxgl-21.jar!/fxglassets/textures/fxgl_icon.png
08:29:40.683 [JavaFX Application Thread] DEBUG FXGLAssetLoaderServi - Loading from file system: jar:file:/C:/Users/LeSun/.m2/repository/com/github/almasb/fxgl/21/fxgl-21.jar!/fxglassets/textures/fxgl_default_cursor.png
08:29:40.716 [JavaFX Application Thread] DEBUG Input                - Registered new binding: Screenshot - CTRL+8
08:29:40.722 [JavaFX Application Thread] DEBUG Input                - Registered new binding: System info dump - CTRL+9
08:29:40.730 [JavaFX Application Thread] DEBUG Input                - Registered new binding: Restart - CTRL+R
08:29:40.749 [JavaFX Application Thread] DEBUG Input                - Registered new binding: Toggle Debug Camera - CTRL+7
08:29:40.805 [JavaFX Application Thread] DEBUG LoopRunner           - Starting loop
08:29:40.805 [JavaFX Application Thread] DEBUG LoopRunner           - Initializing JavaFX AnimationTimerLoop
08:29:40.842 [JavaFX Application Thread] DEBUG GameApplicationServi - Starting new game
08:29:40.844 [JavaFX Application Thread] DEBUG Input                - Clearing active input actions
08:29:40.905 [JavaFX Application Thread] DEBUG GameApplicationServi - Removing overlay from FXGLStartupScene and adding to FXGLLoadingScene
08:29:40.906 [JavaFX Application Thread] DEBUG PrimaryStageWindow   - FXGLStartupScene -> FXGLLoadingScene
08:29:40.906 [JavaFX Application Thread] DEBUG GameApplicationServi - Clearing previous game
08:29:40.906 [JavaFX Application Thread] DEBUG GameScene            - Clearing game scene
08:29:40.906 [JavaFX Application Thread] DEBUG GameWorld            - Clearing game world
08:29:40.906 [JavaFX Application Thread] DEBUG PhysicsWorld         - Clearing physics world
08:29:40.921 [FXGL Background Thread 1 ] DEBUG FXGLApplication      - Initializing game
08:29:40.974 [FXGL Background Thread 1 ] DEBUG FXGLAssetLoaderServi - Loading from file system: file:/C:/Users/LeSun/Desktop/java%e5%ae%9e%e8%ae%ad/brotato/brotato/target/classes/assets/textures/background.png
08:29:41.186 [FXGL Background Thread 1 ] DEBUG FXGLAssetLoaderServi - Loading from file system: file:/C:/Users/LeSun/Desktop/java%e5%ae%9e%e8%ae%ad/brotato/brotato/target/classes/assets/textures/DruidWalk001-Sheet.png
08:29:41.267 [FXGL Background Thread 1 ] DEBUG FXGLAssetLoaderServi - Loading from file system: file:/C:/Users/LeSun/Desktop/java%e5%ae%9e%e8%ae%ad/brotato/brotato/target/classes/assets/textures/DruidBasicAtk1-Sheet.png
08:29:41.627 [FXGL Background Thread 1 ] DEBUG FXGLAssetLoaderServi - Loading from file system: file:/C:/Users/LeSun/Desktop/java%e5%ae%9e%e8%ae%ad/brotato/brotato/target/classes/assets/textures/heart.png
08:29:41.628 [FXGL Background Thread 1 ] DEBUG FXGLAssetLoaderServi - Loading from file system: file:/C:/Users/LeSun/Desktop/java%e5%ae%9e%e8%ae%ad/brotato/brotato/target/classes/assets/textures/half_heart.png
08:29:41.631 [FXGL Background Thread 1 ] DEBUG FXGLAssetLoaderServi - Loading from file system: file:/C:/Users/LeSun/Desktop/java%e5%ae%9e%e8%ae%ad/brotato/brotato/target/classes/assets/textures/border.png
08:29:41.642 [FXGL Background Thread 1 ] INFO  FXGLApplication      - Game initialization took: 0.721 sec
08:29:41.900 [JavaFX Application Thread] DEBUG Input                - Clearing active input actions
08:29:41.936 [JavaFX Application Thread] DEBUG GameApplicationServi - Removing overlay from FXGLLoadingScene and adding to GameScene
08:29:41.936 [JavaFX Application Thread] DEBUG PrimaryStageWindow   - FXGLLoadingScene -> GameScene
08:29:42.949 [FXGL Background Thread 3 ] DEBUG Engine               - Logging environment variables
08:29:42.949 [FXGL Background Thread 3 ] DEBUG Engine               - achievements: []
08:29:42.950 [FXGL Background Thread 3 ] DEBUG Engine               - actualHeight: 800.0
08:29:42.950 [FXGL Background Thread 3 ] DEBUG Engine               - actualHeightProperty: ReadOnlyDoubleProperty [value: 800.0]
08:29:42.950 [FXGL Background Thread 3 ] DEBUG Engine               - actualWidth: 1000.0
08:29:42.950 [FXGL Background Thread 3 ] DEBUG Engine               - actualWidthProperty: ReadOnlyDoubleProperty [value: 1000.0]
08:29:42.950 [FXGL Background Thread 3 ] DEBUG Engine               - appIcon: fxgl_icon.png
08:29:42.950 [FXGL Background Thread 3 ] DEBUG Engine               - applicationMode: DEVELOPER
08:29:42.950 [FXGL Background Thread 3 ] DEBUG Engine               - cSSList: [fxgl_dark.css]
08:29:42.950 [FXGL Background Thread 3 ] DEBUG Engine               - collisionDetectionStrategy: BRUTE_FORCE
08:29:42.950 [FXGL Background Thread 3 ] DEBUG Engine               - configClass: Optional.empty
08:29:42.950 [FXGL Background Thread 3 ] DEBUG Engine               - credits: []
08:29:42.950 [FXGL Background Thread 3 ] DEBUG Engine               - defaultCursor: CursorInfo(imageName=fxgl_default_cursor.png, hotspotX=7.0, hotspotY=6.0)
08:29:42.952 [FXGL Background Thread 3 ] DEBUG Engine               - devBBoxColorProperty: ObjectProperty [value: 0xff0000ff]
08:29:42.952 [FXGL Background Thread 3 ] DEBUG Engine               - devEnableDebugCameraProperty: BooleanProperty [value: false]
08:29:42.952 [FXGL Background Thread 3 ] DEBUG Engine               - devSensorColorProperty: ObjectProperty [value: 0xffff00ff]
08:29:42.952 [FXGL Background Thread 3 ] DEBUG Engine               - devShowBBoxProperty: BooleanProperty [value: false]
08:29:42.952 [FXGL Background Thread 3 ] DEBUG Engine               - devShowPositionProperty: BooleanProperty [value: false]
08:29:42.952 [FXGL Background Thread 3 ] DEBUG Engine               - enabledMenuItems: []
08:29:42.952 [FXGL Background Thread 3 ] DEBUG Engine               - engineServices: [class com.almasb.fxgl.app.services.FXGLAssetLoaderService, class com.almasb.fxgl.app.FXGLApplication$GameApplicationService, class com.almasb.fxgl.app.services.FXGLDialogService, class com.almasb.fxgl.app.services.IOTaskExecutorService, class com.almasb.fxgl.io.FileSystemService, class com.almasb.fxgl.localization.LocalizationService, class com.almasb.fxgl.app.services.SystemBundleService, class com.almasb.fxgl.profile.SaveLoadService, class com.almasb.fxgl.ui.FXGLUIFactoryServiceProvider, class com.almasb.fxgl.ui.FXGLDialogFactoryServiceProvider, class com.almasb.fxgl.audio.AudioPlayer, class com.almasb.fxgl.notification.impl.NotificationServiceProvider, class com.almasb.fxgl.achievement.AchievementService, class com.almasb.fxgl.cutscene.CutsceneService, class com.almasb.fxgl.minigames.MiniGameService, class com.almasb.fxgl.net.NetService, class com.almasb.fxgl.app.services.UpdaterService, class com.almasb.fxgl.dev.DevService]
08:29:42.952 [FXGL Background Thread 3 ] DEBUG Engine               - fontGame: Abel-Regular.ttf
08:29:42.952 [FXGL Background Thread 3 ] DEBUG Engine               - fontMono: TerminalLandMono-Regular.otf
08:29:42.952 [FXGL Background Thread 3 ] DEBUG Engine               - fontSizeScaleUI: 1.0
08:29:42.952 [FXGL Background Thread 3 ] DEBUG Engine               - fontText: Courier-Prime.ttf
08:29:42.952 [FXGL Background Thread 3 ] DEBUG Engine               - fontUI: VarelaRound-Regular.ttf
08:29:42.952 [FXGL Background Thread 3 ] DEBUG Engine               - fullScreen: BooleanProperty [value: false]
08:29:42.952 [FXGL Background Thread 3 ] DEBUG Engine               - gameDifficulty: MEDIUM
08:29:42.952 [FXGL Background Thread 3 ] DEBUG Engine               - gameDifficultyProperty: ObjectProperty [value: MEDIUM]
08:29:42.952 [FXGL Background Thread 3 ] DEBUG Engine               - globalMusicVolume: 0.5
08:29:42.952 [FXGL Background Thread 3 ] DEBUG Engine               - globalMusicVolumeProperty: DoubleProperty [value: 0.5]
08:29:42.952 [FXGL Background Thread 3 ] DEBUG Engine               - globalSoundVolume: 0.5
08:29:42.952 [FXGL Background Thread 3 ] DEBUG Engine               - globalSoundVolumeProperty: DoubleProperty [value: 0.5]
08:29:42.952 [FXGL Background Thread 3 ] DEBUG Engine               - height: 800
08:29:42.953 [FXGL Background Thread 3 ] DEBUG Engine               - is3D: false
08:29:42.953 [FXGL Background Thread 3 ] DEBUG Engine               - isAndroid: false
08:29:42.953 [FXGL Background Thread 3 ] DEBUG Engine               - isBrowser: false
08:29:42.953 [FXGL Background Thread 3 ] DEBUG Engine               - isClickFeedbackEnabled: false
08:29:42.953 [FXGL Background Thread 3 ] DEBUG Engine               - isCloseConfirmation: false
08:29:42.953 [FXGL Background Thread 3 ] DEBUG Engine               - isDesktop: true
08:29:42.953 [FXGL Background Thread 3 ] DEBUG Engine               - isDeveloperMenuEnabled: false
08:29:42.953 [FXGL Background Thread 3 ] DEBUG Engine               - isEmbedded: false
08:29:42.953 [FXGL Background Thread 3 ] DEBUG Engine               - isEntityPreloadEnabled: true
08:29:42.953 [FXGL Background Thread 3 ] DEBUG Engine               - isExperimentalTiledLargeMap: false
08:29:42.953 [FXGL Background Thread 3 ] DEBUG Engine               - isFileSystemWriteAllowed: true
08:29:42.953 [FXGL Background Thread 3 ] DEBUG Engine               - isFullScreenAllowed: false
08:29:42.953 [FXGL Background Thread 3 ] DEBUG Engine               - isFullScreenFromStart: false
08:29:42.953 [FXGL Background Thread 3 ] DEBUG Engine               - isGameMenuEnabled: true
08:29:42.953 [FXGL Background Thread 3 ] DEBUG Engine               - isIOS: false
08:29:42.953 [FXGL Background Thread 3 ] DEBUG Engine               - isIntroEnabled: false
08:29:42.953 [FXGL Background Thread 3 ] DEBUG Engine               - isLinux: false
08:29:42.953 [FXGL Background Thread 3 ] DEBUG Engine               - isMac: false
08:29:42.953 [FXGL Background Thread 3 ] DEBUG Engine               - isMainMenuEnabled: false
08:29:42.954 [FXGL Background Thread 3 ] DEBUG Engine               - isManualResizeEnabled: false
08:29:42.954 [FXGL Background Thread 3 ] DEBUG Engine               - isMobile: false
08:29:42.954 [FXGL Background Thread 3 ] DEBUG Engine               - isNative: false
08:29:42.954 [FXGL Background Thread 3 ] DEBUG Engine               - isPauseMusicWhenMinimized: true
08:29:42.954 [FXGL Background Thread 3 ] DEBUG Engine               - isPreserveResizeRatio: false
08:29:42.954 [FXGL Background Thread 3 ] DEBUG Engine               - isProfilingEnabled: false
08:29:42.954 [FXGL Background Thread 3 ] DEBUG Engine               - isScaleAffectedOnResize: true
08:29:42.954 [FXGL Background Thread 3 ] DEBUG Engine               - isSingleStep: false
08:29:42.954 [FXGL Background Thread 3 ] DEBUG Engine               - isUserProfileEnabled: false
08:29:42.954 [FXGL Background Thread 3 ] DEBUG Engine               - isWindows: true
08:29:42.954 [FXGL Background Thread 3 ] DEBUG Engine               - language: ObjectProperty [value: ENGLISH]
08:29:42.954 [FXGL Background Thread 3 ] DEBUG Engine               - menuKey: ESCAPE
08:29:42.954 [FXGL Background Thread 3 ] DEBUG Engine               - mouseSensitivity: 0.2
08:29:42.954 [FXGL Background Thread 3 ] DEBUG Engine               - notificationViewClass: class com.almasb.fxgl.notification.view.XboxNotificationView
08:29:42.954 [FXGL Background Thread 3 ] DEBUG Engine               - pixelsPerMeter: 50.0
08:29:42.954 [FXGL Background Thread 3 ] DEBUG Engine               - platform: WINDOWS
08:29:42.954 [FXGL Background Thread 3 ] DEBUG Engine               - prefHeightProperty: ReadOnlyDoubleProperty [value: 800.0]
08:29:42.954 [FXGL Background Thread 3 ] DEBUG Engine               - prefWidthProperty: ReadOnlyDoubleProperty [value: 1000.0]
08:29:42.954 [FXGL Background Thread 3 ] DEBUG Engine               - profileDir: profiles/
08:29:42.954 [FXGL Background Thread 3 ] DEBUG Engine               - profileName: StringProperty [value: DEFAULT]
08:29:42.954 [FXGL Background Thread 3 ] DEBUG Engine               - randomSeed: -1
08:29:42.954 [FXGL Background Thread 3 ] DEBUG Engine               - runtimeInfo: RuntimeInfo(platform=WINDOWS, version=21, build=28.12.2023 13.35)
08:29:42.954 [FXGL Background Thread 3 ] DEBUG Engine               - saveFileExt: sav
08:29:42.954 [FXGL Background Thread 3 ] DEBUG Engine               - scaledHeightProp$fxgl: DoubleProperty [bound, value: 800.0]
08:29:42.954 [FXGL Background Thread 3 ] DEBUG Engine               - scaledWidthProp$fxgl: DoubleProperty [bound, value: 1000.0]
08:29:42.954 [FXGL Background Thread 3 ] DEBUG Engine               - sceneFactory: com.almasb.fxgl.app.scene.SceneFactory@67e95baf
08:29:42.954 [FXGL Background Thread 3 ] DEBUG Engine               - secondsIn24h: 60
08:29:42.954 [FXGL Background Thread 3 ] DEBUG Engine               - soundMenuBack: menu/back.wav
08:29:42.954 [FXGL Background Thread 3 ] DEBUG Engine               - soundMenuPress: menu/press.wav
08:29:42.954 [FXGL Background Thread 3 ] DEBUG Engine               - soundMenuSelect: menu/select.wav
08:29:42.955 [FXGL Background Thread 3 ] DEBUG Engine               - soundNotification: core/notification.wav
08:29:42.955 [FXGL Background Thread 3 ] DEBUG Engine               - stageStyle: DECORATED
08:29:42.955 [FXGL Background Thread 3 ] DEBUG Engine               - supportedLanguages: [ENGLISH, FRENCH, GERMAN, HUNGARIAN, RUSSIAN]
08:29:42.955 [FXGL Background Thread 3 ] DEBUG Engine               - ticksPerSecond: -1
08:29:42.955 [FXGL Background Thread 3 ] DEBUG Engine               - title: Brotato
08:29:42.955 [FXGL Background Thread 3 ] DEBUG Engine               - urlGithub: https://github.com/AlmasB/FXGL
08:29:42.955 [FXGL Background Thread 3 ] DEBUG Engine               - urlLeaderboard: http://fxgl-top.herokuapp.com/
08:29:42.955 [FXGL Background Thread 3 ] DEBUG Engine               - urlPOM: https://raw.githubusercontent.com/AlmasB/FXGL/release/README.md
08:29:42.955 [FXGL Background Thread 3 ] DEBUG Engine               - userAppClass: class com.brotato.player.Player
08:29:42.955 [FXGL Background Thread 3 ] DEBUG Engine               - version: 0.1
08:29:42.955 [FXGL Background Thread 3 ] DEBUG Engine               - versionCheckDays: 7
08:29:42.955 [FXGL Background Thread 3 ] DEBUG Engine               - width: 1000
08:29:42.955 [FXGL Background Thread 3 ] DEBUG Engine               - Logging services
08:29:42.955 [FXGL Background Thread 3 ] DEBUG Engine               - class com.almasb.fxgl.app.services.FXGLAssetLoaderService
08:29:42.955 [FXGL Background Thread 3 ] DEBUG Engine               - class com.almasb.fxgl.app.FXGLApplication$GameApplicationService
08:29:42.955 [FXGL Background Thread 3 ] DEBUG Engine               - class com.almasb.fxgl.app.services.FXGLDialogService
08:29:42.955 [FXGL Background Thread 3 ] DEBUG Engine               - class com.almasb.fxgl.app.services.IOTaskExecutorService
08:29:42.955 [FXGL Background Thread 3 ] DEBUG Engine               - class com.almasb.fxgl.io.FileSystemService
08:29:42.955 [FXGL Background Thread 3 ] DEBUG Engine               - class com.almasb.fxgl.localization.LocalizationService
08:29:42.955 [FXGL Background Thread 3 ] DEBUG Engine               - class com.almasb.fxgl.app.services.SystemBundleService
08:29:42.955 [FXGL Background Thread 3 ] DEBUG Engine               - class com.almasb.fxgl.profile.SaveLoadService
08:29:42.955 [FXGL Background Thread 3 ] DEBUG Engine               - class com.almasb.fxgl.ui.FXGLUIFactoryServiceProvider
08:29:42.955 [FXGL Background Thread 3 ] DEBUG Engine               - class com.almasb.fxgl.ui.FXGLDialogFactoryServiceProvider
08:29:42.956 [FXGL Background Thread 3 ] DEBUG Engine               - class com.almasb.fxgl.audio.AudioPlayer
08:29:42.956 [FXGL Background Thread 3 ] DEBUG Engine               - class com.almasb.fxgl.notification.impl.NotificationServiceProvider
08:29:42.956 [FXGL Background Thread 3 ] DEBUG Engine               - class com.almasb.fxgl.achievement.AchievementService
08:29:42.956 [FXGL Background Thread 3 ] DEBUG Engine               - class com.almasb.fxgl.cutscene.CutsceneService
08:29:42.956 [FXGL Background Thread 3 ] DEBUG Engine               - class com.almasb.fxgl.minigames.MiniGameService
08:29:42.956 [FXGL Background Thread 3 ] DEBUG Engine               - class com.almasb.fxgl.net.NetService
08:29:42.956 [FXGL Background Thread 3 ] DEBUG Engine               - class com.almasb.fxgl.app.services.UpdaterService
08:29:42.956 [FXGL Background Thread 3 ] DEBUG Engine               - class com.almasb.fxgl.dev.DevService
08:29:43.285 [FXGL Background Thread 2 ] INFO  UpdaterService       - Your current version:  21
08:29:43.286 [FXGL Background Thread 2 ] INFO  UpdaterService       - Latest stable version: 21.1
08:31:15.640 [JavaFX Application Thread] DEBUG FXGLApplication      - Exiting FXGL
08:31:15.640 [JavaFX Application Thread] DEBUG LoopRunner           - Stopping loop
08:31:15.640 [JavaFX Application Thread] DEBUG SystemBundleService  - Saving FXGL system data
08:31:15.644 [JavaFX Application Thread] DEBUG FileSystemAccess     - Writing to: C:\Users\LeSun\Desktop\java实训\brotato\brotato\system\fxgl.bundle
08:31:15.645 [JavaFX Application Thread] DEBUG Async                - Shutting down background threads
08:31:15.645 [JavaFX Application Thread] DEBUG PrimaryStageWindow   - Closing main window
08:31:15.723 [JavaFX Application Thread] DEBUG Logger               - Closing Logger
