16:27:14.162 [main                     ] DEBUG Logger               - Configured Logger
16:27:14.179 [main                     ] DEBUG GameApplication      - Logging settings
Title: Brotato
Version: 0.1
Width: 800
Height: 600
Fullscreen: false
Intro: false
Profiling: false
Single step:false
App Mode: DEVELOPER
Menu Key: ESCAPE
Stage Style: DECORATED
Scene Factory: class com.almasb.fxgl.app.scene.SceneFactory

16:27:14.740 [JavaFX Application Thread] DEBUG FXGLApplication      - Initializing FXGL
16:27:14.744 [JavaFX Application Thread] INFO  Engine               - FXGL-21 (28.12.2023 13.35) on WINDOWS (J:21.0.5 FX:21.0.1)
16:27:14.744 [JavaFX Application Thread] DEBUG Engine               - JRE Vendor Name: Amazon.com Inc.
16:27:14.744 [JavaFX Application Thread] DEBUG Engine               - Running on OS: Windows 11 version 10.0
16:27:14.744 [JavaFX Application Thread] DEBUG Engine               - Architecture: amd64
16:27:14.744 [JavaFX Application Thread] INFO  Engine               - Source code and latest versions at: https://github.com/AlmasB/FXGL
16:27:14.744 [JavaFX Application Thread] INFO  Engine               -       Ask questions and discuss at: https://github.com/AlmasB/FXGL/discussions
16:27:14.744 [JavaFX Application Thread] INFO  Engine               -              Join the FXGL chat at: https://gitter.im/AlmasB/FXGL
16:27:14.843 [JavaFX Application Thread] DEBUG PrimaryStageWindow   - Creating a JavaFX scene
16:27:14.880 [JavaFX Application Thread] DEBUG PrimaryStageWindow   - Target settings size: 800.0 x 600.0
16:27:14.881 [JavaFX Application Thread] DEBUG PrimaryStageWindow   - Scaled scene size:    800.0 x 600.0
16:27:14.881 [JavaFX Application Thread] DEBUG PrimaryStageWindow   - Scaled ratio: (1.0, 1.0)
16:27:14.882 [JavaFX Application Thread] DEBUG PrimaryStageWindow   - Set initial scene to FXGLStartupScene
16:27:14.883 [JavaFX Application Thread] DEBUG PrimaryStageWindow   - Opening main window
16:27:14.970 [JavaFX Application Thread] DEBUG PrimaryStageWindow   - Window border size: (14.66668701171875, 37.33331298828125)
16:27:14.970 [JavaFX Application Thread] DEBUG PrimaryStageWindow   - Scaled size: 800.0 x 600.0
16:27:14.970 [JavaFX Application Thread] DEBUG PrimaryStageWindow   - Scaled ratio: (1.0, 1.0)
16:27:14.970 [JavaFX Application Thread] DEBUG PrimaryStageWindow   - Scene size: 800.0 x 600.0
16:27:14.970 [JavaFX Application Thread] DEBUG PrimaryStageWindow   - Stage size: 814.6666870117188 x 637.3333129882812
16:27:14.974 [FXGL Background Thread 1 ] DEBUG Engine               - Initializing environment variables
16:27:15.012 [FXGL Background Thread 1 ] DEBUG FXGLAssetLoaderServi - User app class for loading assets: class com.brotato.player.Player
16:27:15.012 [FXGL Background Thread 1 ] DEBUG GameApplicationServi - Applying CSS: fxgl_dark.css
16:27:15.013 [FXGL Background Thread 1 ] DEBUG FXGLAssetLoaderServi - Loading from file system: jar:file:/C:/Users/LeSun/.m2/repository/com/github/almasb/fxgl/21/fxgl-21.jar!/fxglassets/ui/css/fxgl_dark.css
16:27:15.051 [FXGL Background Thread 1 ] DEBUG GameApplicationServi - Initializing application scenes
16:27:15.124 [FXGL Background Thread 1 ] DEBUG GameWorld            - Game world initialized
16:27:15.170 [FXGL Background Thread 1 ] DEBUG PhysicsWorld         - Physics world initialized: appHeight=600, physics.ppm=50.0
16:27:15.171 [FXGL Background Thread 1 ] DEBUG PhysicsWorld         - Using strategy: BRUTE_FORCE
16:27:15.173 [FXGL Background Thread 1 ] DEBUG GameScene            - Game scene initialized: 800x600
16:27:15.181 [FXGL Background Thread 1 ] DEBUG FXGL.DefaultMenu     - createMenuBodyGameMenu()
16:27:15.191 [FXGL Background Thread 1 ] DEBUG FXGL.DefaultMenu     - createOptionsMenu()
16:27:15.198 [FXGL Background Thread 1 ] DEBUG FXGLAssetLoaderServi - Loading from file system: jar:file:/C:/Users/LeSun/.m2/repository/com/github/almasb/fxgl/21/fxgl-21.jar!/fxglassets/textures/particles/smoke.png
16:27:15.304 [FXGL Background Thread 1 ] DEBUG FXGLAssetLoaderServi - Loading from file system: jar:file:/C:/Users/LeSun/.m2/repository/com/github/almasb/fxgl/21/fxgl-21.jar!/fxglassets/textures/particles/trace_horizontal.png
16:27:15.322 [FXGL Background Thread 1 ] DEBUG GameApplicationServi - Application scenes initialized
16:27:15.345 [FXGL Background Thread 1 ] DEBUG SystemBundleService  - Loading FXGL system data
16:27:15.346 [FXGL Background Thread 1 ] DEBUG FileSystemAccess     - Reading from: C:\Users\LeSun\Desktop\java实训\brotato\brotato\system\fxgl.bundle
16:27:15.351 [FXGL Background Thread 1 ] DEBUG SystemBundleService  - Bundle FXGL: {}
16:27:15.351 [FXGL Background Thread 1 ] DEBUG UpdaterService       - Checking for updates
16:27:15.355 [FXGL Background Thread 4 ] DEBUG FXGLApplication      - Loading fonts
16:27:15.355 [FXGL Background Thread 4 ] DEBUG FXGLAssetLoaderServi - Loading from file system: jar:file:/C:/Users/LeSun/.m2/repository/com/github/almasb/fxgl/21/fxgl-21.jar!/fxglassets/ui/fonts/VarelaRound-Regular.ttf
16:27:15.356 [FXGL Background Thread 1 ] DEBUG FXGLApplication      - Loading default localization
16:27:15.357 [FXGL Background Thread 1 ] DEBUG FXGLAssetLoaderServi - Loading from file system: jar:file:/C:/Users/LeSun/.m2/repository/com/github/almasb/fxgl/21/fxgl-21.jar!/fxglassets/languages/english.lang
16:27:15.363 [FXGL Background Thread 4 ] DEBUG FXGLAssetLoaderServi - Loading from file system: jar:file:/C:/Users/LeSun/.m2/repository/com/github/almasb/fxgl/21/fxgl-21.jar!/fxglassets/ui/fonts/Abel-Regular.ttf
16:27:15.366 [FXGL Background Thread 4 ] DEBUG FXGLAssetLoaderServi - Loading from file system: jar:file:/C:/Users/LeSun/.m2/repository/com/github/almasb/fxgl/21/fxgl-21.jar!/fxglassets/ui/fonts/TerminalLandMono-Regular.otf
16:27:15.369 [FXGL Background Thread 4 ] DEBUG FXGLAssetLoaderServi - Loading from file system: jar:file:/C:/Users/LeSun/.m2/repository/com/github/almasb/fxgl/21/fxgl-21.jar!/fxglassets/ui/fonts/Courier-Prime.ttf
16:27:15.376 [JavaFX Application Thread] DEBUG FXGLApplication      - Registering font factories with UI factory
16:27:15.400 [FXGL Background Thread 1 ] INFO  FXGLApplication      - FXGL initialization took: 0.425 sec
16:27:15.410 [JavaFX Application Thread] DEBUG Input                - Registered new binding: Move Up - W
16:27:15.410 [JavaFX Application Thread] DEBUG Input                - Registered new binding: Move Down - S
16:27:15.410 [JavaFX Application Thread] DEBUG Input                - Registered new binding: Move Left - A
16:27:15.411 [JavaFX Application Thread] DEBUG Input                - Registered new binding: Move Right - D
16:27:15.411 [JavaFX Application Thread] DEBUG Input                - Registered new binding: Attack - Space
16:27:15.411 [JavaFX Application Thread] DEBUG FXGLAssetLoaderServi - Loading from file system: jar:file:/C:/Users/LeSun/.m2/repository/com/github/almasb/fxgl/21/fxgl-21.jar!/fxglassets/textures/fxgl_icon.png
16:27:15.433 [JavaFX Application Thread] DEBUG FXGLAssetLoaderServi - Loading from file system: jar:file:/C:/Users/LeSun/.m2/repository/com/github/almasb/fxgl/21/fxgl-21.jar!/fxglassets/textures/fxgl_default_cursor.png
16:27:15.438 [JavaFX Application Thread] DEBUG Input                - Registered new binding: Screenshot - CTRL+8
16:27:15.439 [JavaFX Application Thread] DEBUG Input                - Registered new binding: System info dump - CTRL+9
16:27:15.440 [JavaFX Application Thread] DEBUG Input                - Registered new binding: Restart - CTRL+R
16:27:15.442 [JavaFX Application Thread] DEBUG Input                - Registered new binding: Toggle Debug Camera - CTRL+7
16:27:15.449 [JavaFX Application Thread] DEBUG LoopRunner           - Starting loop
16:27:15.449 [JavaFX Application Thread] DEBUG LoopRunner           - Initializing JavaFX AnimationTimerLoop
16:27:15.453 [JavaFX Application Thread] DEBUG GameApplicationServi - Starting new game
16:27:15.453 [JavaFX Application Thread] DEBUG Input                - Clearing active input actions
16:27:15.468 [JavaFX Application Thread] DEBUG GameApplicationServi - Removing overlay from FXGLStartupScene and adding to FXGLLoadingScene
16:27:15.469 [JavaFX Application Thread] DEBUG PrimaryStageWindow   - FXGLStartupScene -> FXGLLoadingScene
16:27:15.469 [JavaFX Application Thread] DEBUG GameApplicationServi - Clearing previous game
16:27:15.469 [JavaFX Application Thread] DEBUG GameScene            - Clearing game scene
16:27:15.469 [JavaFX Application Thread] DEBUG GameWorld            - Clearing game world
16:27:15.469 [JavaFX Application Thread] DEBUG PhysicsWorld         - Clearing physics world
16:27:15.472 [FXGL Background Thread 1 ] DEBUG FXGLApplication      - Initializing game
16:27:15.487 [FXGL Background Thread 1 ] DEBUG FXGLAssetLoaderServi - Loading from file system: file:/C:/Users/LeSun/Desktop/java%e5%ae%9e%e8%ae%ad/brotato/brotato/target/classes/assets/textures/background.png
16:27:15.550 [FXGL Background Thread 1 ] DEBUG FXGLAssetLoaderServi - Loading from file system: file:/C:/Users/LeSun/Desktop/java%e5%ae%9e%e8%ae%ad/brotato/brotato/target/classes/assets/textures/DruidWalk001-Sheet.png
16:27:15.563 [FXGL Background Thread 1 ] DEBUG FXGLAssetLoaderServi - Loading from file system: file:/C:/Users/LeSun/Desktop/java%e5%ae%9e%e8%ae%ad/brotato/brotato/target/classes/assets/textures/DruidBasicAtk1-Sheet.png
16:27:15.590 [FXGL Background Thread 1 ] INFO  FXGLApplication      - Game initialization took: 0.118 sec
16:27:15.638 [JavaFX Application Thread] DEBUG Input                - Clearing active input actions
16:27:15.648 [JavaFX Application Thread] DEBUG GameApplicationServi - Removing overlay from FXGLLoadingScene and adding to GameScene
16:27:15.648 [JavaFX Application Thread] DEBUG PrimaryStageWindow   - FXGLLoadingScene -> GameScene
16:27:16.394 [FXGL Background Thread 2 ] INFO  UpdaterService       - Your current version:  21
16:27:16.395 [FXGL Background Thread 2 ] INFO  UpdaterService       - Latest stable version: 21.1
16:27:18.353 [FXGL Background Thread 3 ] DEBUG Engine               - Logging environment variables
16:27:18.353 [FXGL Background Thread 3 ] DEBUG Engine               - achievements: []
16:27:18.353 [FXGL Background Thread 3 ] DEBUG Engine               - actualHeight: 600.0
16:27:18.353 [FXGL Background Thread 3 ] DEBUG Engine               - actualHeightProperty: ReadOnlyDoubleProperty [value: 600.0]
16:27:18.353 [FXGL Background Thread 3 ] DEBUG Engine               - actualWidth: 800.0
16:27:18.353 [FXGL Background Thread 3 ] DEBUG Engine               - actualWidthProperty: ReadOnlyDoubleProperty [value: 800.0]
16:27:18.353 [FXGL Background Thread 3 ] DEBUG Engine               - appIcon: fxgl_icon.png
16:27:18.353 [FXGL Background Thread 3 ] DEBUG Engine               - applicationMode: DEVELOPER
16:27:18.353 [FXGL Background Thread 3 ] DEBUG Engine               - cSSList: [fxgl_dark.css]
16:27:18.354 [FXGL Background Thread 3 ] DEBUG Engine               - collisionDetectionStrategy: BRUTE_FORCE
16:27:18.354 [FXGL Background Thread 3 ] DEBUG Engine               - configClass: Optional.empty
16:27:18.354 [FXGL Background Thread 3 ] DEBUG Engine               - credits: []
16:27:18.354 [FXGL Background Thread 3 ] DEBUG Engine               - defaultCursor: CursorInfo(imageName=fxgl_default_cursor.png, hotspotX=7.0, hotspotY=6.0)
16:27:18.354 [FXGL Background Thread 3 ] DEBUG Engine               - devBBoxColorProperty: ObjectProperty [value: 0xff0000ff]
16:27:18.354 [FXGL Background Thread 3 ] DEBUG Engine               - devEnableDebugCameraProperty: BooleanProperty [value: false]
16:27:18.354 [FXGL Background Thread 3 ] DEBUG Engine               - devSensorColorProperty: ObjectProperty [value: 0xffff00ff]
16:27:18.354 [FXGL Background Thread 3 ] DEBUG Engine               - devShowBBoxProperty: BooleanProperty [value: false]
16:27:18.354 [FXGL Background Thread 3 ] DEBUG Engine               - devShowPositionProperty: BooleanProperty [value: false]
16:27:18.354 [FXGL Background Thread 3 ] DEBUG Engine               - enabledMenuItems: []
16:27:18.354 [FXGL Background Thread 3 ] DEBUG Engine               - engineServices: [class com.almasb.fxgl.app.services.FXGLAssetLoaderService, class com.almasb.fxgl.app.FXGLApplication$GameApplicationService, class com.almasb.fxgl.app.services.FXGLDialogService, class com.almasb.fxgl.app.services.IOTaskExecutorService, class com.almasb.fxgl.io.FileSystemService, class com.almasb.fxgl.localization.LocalizationService, class com.almasb.fxgl.app.services.SystemBundleService, class com.almasb.fxgl.profile.SaveLoadService, class com.almasb.fxgl.ui.FXGLUIFactoryServiceProvider, class com.almasb.fxgl.ui.FXGLDialogFactoryServiceProvider, class com.almasb.fxgl.audio.AudioPlayer, class com.almasb.fxgl.notification.impl.NotificationServiceProvider, class com.almasb.fxgl.achievement.AchievementService, class com.almasb.fxgl.cutscene.CutsceneService, class com.almasb.fxgl.minigames.MiniGameService, class com.almasb.fxgl.net.NetService, class com.almasb.fxgl.app.services.UpdaterService, class com.almasb.fxgl.dev.DevService]
16:27:18.355 [FXGL Background Thread 3 ] DEBUG Engine               - fontGame: Abel-Regular.ttf
16:27:18.355 [FXGL Background Thread 3 ] DEBUG Engine               - fontMono: TerminalLandMono-Regular.otf
16:27:18.355 [FXGL Background Thread 3 ] DEBUG Engine               - fontSizeScaleUI: 1.0
16:27:18.355 [FXGL Background Thread 3 ] DEBUG Engine               - fontText: Courier-Prime.ttf
16:27:18.355 [FXGL Background Thread 3 ] DEBUG Engine               - fontUI: VarelaRound-Regular.ttf
16:27:18.355 [FXGL Background Thread 3 ] DEBUG Engine               - fullScreen: BooleanProperty [value: true]
16:27:18.355 [FXGL Background Thread 3 ] DEBUG Engine               - gameDifficulty: MEDIUM
16:27:18.355 [FXGL Background Thread 3 ] DEBUG Engine               - gameDifficultyProperty: ObjectProperty [value: MEDIUM]
16:27:18.355 [FXGL Background Thread 3 ] DEBUG Engine               - globalMusicVolume: 0.5
16:27:18.355 [FXGL Background Thread 3 ] DEBUG Engine               - globalMusicVolumeProperty: DoubleProperty [value: 0.5]
16:27:18.355 [FXGL Background Thread 3 ] DEBUG Engine               - globalSoundVolume: 0.5
16:27:18.355 [FXGL Background Thread 3 ] DEBUG Engine               - globalSoundVolumeProperty: DoubleProperty [value: 0.5]
16:27:18.355 [FXGL Background Thread 3 ] DEBUG Engine               - height: 600
16:27:18.355 [FXGL Background Thread 3 ] DEBUG Engine               - is3D: false
16:27:18.355 [FXGL Background Thread 3 ] DEBUG Engine               - isAndroid: false
16:27:18.355 [FXGL Background Thread 3 ] DEBUG Engine               - isBrowser: false
16:27:18.355 [FXGL Background Thread 3 ] DEBUG Engine               - isClickFeedbackEnabled: false
16:27:18.355 [FXGL Background Thread 3 ] DEBUG Engine               - isCloseConfirmation: false
16:27:18.355 [FXGL Background Thread 3 ] DEBUG Engine               - isDesktop: true
16:27:18.355 [FXGL Background Thread 3 ] DEBUG Engine               - isDeveloperMenuEnabled: false
16:27:18.355 [FXGL Background Thread 3 ] DEBUG Engine               - isEmbedded: false
16:27:18.355 [FXGL Background Thread 3 ] DEBUG Engine               - isEntityPreloadEnabled: true
16:27:18.355 [FXGL Background Thread 3 ] DEBUG Engine               - isExperimentalTiledLargeMap: false
16:27:18.355 [FXGL Background Thread 3 ] DEBUG Engine               - isFileSystemWriteAllowed: true
16:27:18.355 [FXGL Background Thread 3 ] DEBUG Engine               - isFullScreenAllowed: false
16:27:18.355 [FXGL Background Thread 3 ] DEBUG Engine               - isFullScreenFromStart: true
16:27:18.355 [FXGL Background Thread 3 ] DEBUG Engine               - isGameMenuEnabled: true
16:27:18.355 [FXGL Background Thread 3 ] DEBUG Engine               - isIOS: false
16:27:18.355 [FXGL Background Thread 3 ] DEBUG Engine               - isIntroEnabled: false
16:27:18.355 [FXGL Background Thread 3 ] DEBUG Engine               - isLinux: false
16:27:18.355 [FXGL Background Thread 3 ] DEBUG Engine               - isMac: false
16:27:18.355 [FXGL Background Thread 3 ] DEBUG Engine               - isMainMenuEnabled: false
16:27:18.355 [FXGL Background Thread 3 ] DEBUG Engine               - isManualResizeEnabled: false
16:27:18.355 [FXGL Background Thread 3 ] DEBUG Engine               - isMobile: false
16:27:18.355 [FXGL Background Thread 3 ] DEBUG Engine               - isNative: false
16:27:18.355 [FXGL Background Thread 3 ] DEBUG Engine               - isPauseMusicWhenMinimized: true
16:27:18.355 [FXGL Background Thread 3 ] DEBUG Engine               - isPreserveResizeRatio: false
16:27:18.355 [FXGL Background Thread 3 ] DEBUG Engine               - isProfilingEnabled: false
16:27:18.355 [FXGL Background Thread 3 ] DEBUG Engine               - isScaleAffectedOnResize: true
16:27:18.355 [FXGL Background Thread 3 ] DEBUG Engine               - isSingleStep: false
16:27:18.355 [FXGL Background Thread 3 ] DEBUG Engine               - isUserProfileEnabled: false
16:27:18.355 [FXGL Background Thread 3 ] DEBUG Engine               - isWindows: true
16:27:18.355 [FXGL Background Thread 3 ] DEBUG Engine               - language: ObjectProperty [value: ENGLISH]
16:27:18.355 [FXGL Background Thread 3 ] DEBUG Engine               - menuKey: ESCAPE
16:27:18.355 [FXGL Background Thread 3 ] DEBUG Engine               - mouseSensitivity: 0.2
16:27:18.355 [FXGL Background Thread 3 ] DEBUG Engine               - notificationViewClass: class com.almasb.fxgl.notification.view.XboxNotificationView
16:27:18.355 [FXGL Background Thread 3 ] DEBUG Engine               - pixelsPerMeter: 50.0
16:27:18.355 [FXGL Background Thread 3 ] DEBUG Engine               - platform: WINDOWS
16:27:18.355 [FXGL Background Thread 3 ] DEBUG Engine               - prefHeightProperty: ReadOnlyDoubleProperty [value: 600.0]
16:27:18.355 [FXGL Background Thread 3 ] DEBUG Engine               - prefWidthProperty: ReadOnlyDoubleProperty [value: 800.0]
16:27:18.355 [FXGL Background Thread 3 ] DEBUG Engine               - profileDir: profiles/
16:27:18.355 [FXGL Background Thread 3 ] DEBUG Engine               - profileName: StringProperty [value: DEFAULT]
16:27:18.355 [FXGL Background Thread 3 ] DEBUG Engine               - randomSeed: -1
16:27:18.357 [FXGL Background Thread 3 ] DEBUG Engine               - runtimeInfo: RuntimeInfo(platform=WINDOWS, version=21, build=28.12.2023 13.35)
16:27:18.357 [FXGL Background Thread 3 ] DEBUG Engine               - saveFileExt: sav
16:27:18.357 [FXGL Background Thread 3 ] DEBUG Engine               - scaledHeightProp$fxgl: DoubleProperty [bound, value: 600.0]
16:27:18.357 [FXGL Background Thread 3 ] DEBUG Engine               - scaledWidthProp$fxgl: DoubleProperty [bound, value: 800.0]
16:27:18.357 [FXGL Background Thread 3 ] DEBUG Engine               - sceneFactory: com.almasb.fxgl.app.scene.SceneFactory@6e400157
16:27:18.357 [FXGL Background Thread 3 ] DEBUG Engine               - secondsIn24h: 60
16:27:18.357 [FXGL Background Thread 3 ] DEBUG Engine               - soundMenuBack: menu/back.wav
16:27:18.357 [FXGL Background Thread 3 ] DEBUG Engine               - soundMenuPress: menu/press.wav
16:27:18.357 [FXGL Background Thread 3 ] DEBUG Engine               - soundMenuSelect: menu/select.wav
16:27:18.357 [FXGL Background Thread 3 ] DEBUG Engine               - soundNotification: core/notification.wav
16:27:18.357 [FXGL Background Thread 3 ] DEBUG Engine               - stageStyle: DECORATED
16:27:18.357 [FXGL Background Thread 3 ] DEBUG Engine               - supportedLanguages: [ENGLISH, FRENCH, GERMAN, HUNGARIAN, RUSSIAN]
16:27:18.357 [FXGL Background Thread 3 ] DEBUG Engine               - ticksPerSecond: -1
16:27:18.357 [FXGL Background Thread 3 ] DEBUG Engine               - title: Brotato
16:27:18.357 [FXGL Background Thread 3 ] DEBUG Engine               - urlGithub: https://github.com/AlmasB/FXGL
16:27:18.357 [FXGL Background Thread 3 ] DEBUG Engine               - urlLeaderboard: http://fxgl-top.herokuapp.com/
16:27:18.357 [FXGL Background Thread 3 ] DEBUG Engine               - urlPOM: https://raw.githubusercontent.com/AlmasB/FXGL/release/README.md
16:27:18.357 [FXGL Background Thread 3 ] DEBUG Engine               - userAppClass: class com.brotato.player.Player
16:27:18.357 [FXGL Background Thread 3 ] DEBUG Engine               - version: 0.1
16:27:18.357 [FXGL Background Thread 3 ] DEBUG Engine               - versionCheckDays: 7
16:27:18.357 [FXGL Background Thread 3 ] DEBUG Engine               - width: 800
16:27:18.357 [FXGL Background Thread 3 ] DEBUG Engine               - Logging services
16:27:18.357 [FXGL Background Thread 3 ] DEBUG Engine               - class com.almasb.fxgl.app.services.FXGLAssetLoaderService
16:27:18.357 [FXGL Background Thread 3 ] DEBUG Engine               - class com.almasb.fxgl.app.FXGLApplication$GameApplicationService
16:27:18.357 [FXGL Background Thread 3 ] DEBUG Engine               - class com.almasb.fxgl.app.services.FXGLDialogService
16:27:18.357 [FXGL Background Thread 3 ] DEBUG Engine               - class com.almasb.fxgl.app.services.IOTaskExecutorService
16:27:18.357 [FXGL Background Thread 3 ] DEBUG Engine               - class com.almasb.fxgl.io.FileSystemService
16:27:18.357 [FXGL Background Thread 3 ] DEBUG Engine               - class com.almasb.fxgl.localization.LocalizationService
16:27:18.357 [FXGL Background Thread 3 ] DEBUG Engine               - class com.almasb.fxgl.app.services.SystemBundleService
16:27:18.357 [FXGL Background Thread 3 ] DEBUG Engine               - class com.almasb.fxgl.profile.SaveLoadService
16:27:18.357 [FXGL Background Thread 3 ] DEBUG Engine               - class com.almasb.fxgl.ui.FXGLUIFactoryServiceProvider
16:27:18.357 [FXGL Background Thread 3 ] DEBUG Engine               - class com.almasb.fxgl.ui.FXGLDialogFactoryServiceProvider
16:27:18.357 [FXGL Background Thread 3 ] DEBUG Engine               - class com.almasb.fxgl.audio.AudioPlayer
16:27:18.357 [FXGL Background Thread 3 ] DEBUG Engine               - class com.almasb.fxgl.notification.impl.NotificationServiceProvider
16:27:18.357 [FXGL Background Thread 3 ] DEBUG Engine               - class com.almasb.fxgl.achievement.AchievementService
16:27:18.357 [FXGL Background Thread 3 ] DEBUG Engine               - class com.almasb.fxgl.cutscene.CutsceneService
16:27:18.357 [FXGL Background Thread 3 ] DEBUG Engine               - class com.almasb.fxgl.minigames.MiniGameService
16:27:18.357 [FXGL Background Thread 3 ] DEBUG Engine               - class com.almasb.fxgl.net.NetService
16:27:18.357 [FXGL Background Thread 3 ] DEBUG Engine               - class com.almasb.fxgl.app.services.UpdaterService
16:27:18.357 [FXGL Background Thread 3 ] DEBUG Engine               - class com.almasb.fxgl.dev.DevService
16:32:27.564 [JavaFX Application Thread] DEBUG FXGLApplication      - Exiting FXGL
16:32:27.564 [JavaFX Application Thread] DEBUG LoopRunner           - Stopping loop
16:32:27.564 [JavaFX Application Thread] DEBUG SystemBundleService  - Saving FXGL system data
16:32:27.567 [JavaFX Application Thread] DEBUG FileSystemAccess     - Writing to: C:\Users\LeSun\Desktop\java实训\brotato\brotato\system\fxgl.bundle
16:32:27.568 [JavaFX Application Thread] DEBUG Async                - Shutting down background threads
16:32:27.568 [JavaFX Application Thread] DEBUG PrimaryStageWindow   - Closing main window
16:32:27.582 [JavaFX Application Thread] DEBUG Logger               - Closing Logger
